2023-05-04 16:37:43,605 ERROR r.ReadFromClient [Thread-0] Error reading from client channel: null
2023-05-08 15:57:13,319 ERROR r.ReadFromClient [Thread-0] Error reading object from input stream: invalid stream header: 6C6F6769
2023-05-08 20:53:10,972 WARN m.ServerConnection [Thread-2] Failed to cast channel to SocketChannel: class sun.nio.ch.ServerSocketChannelImpl cannot be cast to class java.nio.channels.SocketChannel (sun.nio.ch.ServerSocketChannelImpl and java.nio.channels.SocketChannel are in module java.base of loader 'bootstrap')
2023-05-08 20:53:44,286 ERROR r.ReadFromClient [Thread-0] Error reading from client channel: null
2023-05-08 21:01:31,650 WARN m.ServerConnection [Thread-2] Failed to cast channel to SocketChannel: null
2023-05-08 21:03:22,972 WARN m.ServerConnection [Thread-2] Failed to cast channel to SocketChannel: null
2023-05-08 21:10:56,565 WARN m.ServerConnection [pool-2-thread-4] java.nio.channels.ClosedChannelException
2023-05-08 21:10:56,565 WARN m.ServerConnection [pool-2-thread-5] java.nio.channels.ClosedChannelException
2023-05-08 21:10:56,566 WARN m.ServerConnection [pool-2-thread-4] java.nio.channels.ClosedChannelException
2023-05-08 21:10:56,566 WARN m.ServerConnection [pool-2-thread-3] java.nio.channels.ClosedChannelException
2023-05-08 21:10:56,566 WARN m.ServerConnection [pool-2-thread-1] java.nio.channels.ClosedChannelException
2023-05-08 21:10:56,566 WARN m.ServerConnection [pool-2-thread-2] java.nio.channels.ClosedChannelException
2023-05-08 21:16:04,438 WARN m.ServerConnection [Thread-2] Failed to cast channel to SocketChannel: null
2023-05-08 21:17:07,346 WARN m.ServerConnection [Thread-2] Failed to cast channel to SocketChannel: null
2023-05-08 21:18:53,092 WARN m.ServerConnection [Thread-2] Failed to cast channel to SocketChannel: null
2023-05-08 21:20:50,748 WARN m.ServerConnection [Thread-2] Failed to cast channel to SocketChannel: null
2023-05-08 21:21:02,909 WARN m.ServerConnection [pool-2-thread-1] java.nio.channels.ClosedChannelException
2023-05-08 21:25:48,760 WARN m.ServerConnection [pool-2-thread-2] java.nio.channels.ClosedChannelException
2023-05-08 21:26:13,828 WARN m.ServerConnection [pool-2-thread-2] java.nio.channels.ClosedChannelException
2023-05-08 21:29:20,998 WARN m.ServerConnection [pool-2-thread-2] java.nio.channels.ClosedChannelException
2023-05-08 21:29:20,998 WARN r.HandleClientInput [pool-2-thread-3] Client channel is closed
2023-05-08 21:29:41,327 WARN m.ServerConnection [pool-2-thread-2] java.nio.channels.ClosedChannelException
2023-05-08 21:29:41,327 ERROR r.ReadFromClient [Thread-0] Error reading from client channel: null
2023-05-08 21:29:41,328 WARN r.HandleClientInput [pool-2-thread-2] Client channel is closed
2023-05-08 21:29:49,726 WARN m.ServerConnection [Thread-4] Failed to cast channel to SocketChannel: null
2023-05-08 21:30:05,496 ERROR r.ReadFromClient [Thread-0] Error reading from client channel: null
2023-05-08 21:30:05,496 WARN m.ServerConnection [pool-2-thread-1] java.nio.channels.ClosedChannelException
2023-05-08 21:30:05,496 WARN r.HandleClientInput [pool-2-thread-2] Client channel is closed
2023-05-08 21:30:11,871 WARN m.ServerConnection [Thread-0] Client channel is closed
2023-05-08 21:30:11,871 WARN m.ServerConnection [pool-2-thread-3] java.nio.channels.ClosedChannelException
2023-05-08 21:30:28,197 WARN r.HandleClientInput [pool-2-thread-2] Client channel is closed
2023-05-08 21:30:28,197 ERROR r.ReadFromClient [Thread-0] Error reading from client channel: null
2023-05-08 21:30:28,197 WARN r.HandleClientInput [pool-2-thread-2] Client channel is closed
2023-05-08 21:52:27,906 ERROR r.ReadFromClient [Thread-0] Error reading object from input stream: invalid stream header: 00000000
2023-05-08 21:52:28,090 WARN m.ServerConnection [Thread-2] java.nio.channels.ClosedChannelException
2023-05-08 22:05:33,854 WARN m.ServerConnection [Thread-2] Failed to cast channel to SocketChannel: null
2023-05-08 22:07:03,075 WARN m.ServerConnection [Thread-3] Failed to cast channel to SocketChannel: null
2023-05-08 22:08:20,409 WARN m.ServerConnection [Thread-2] Failed to cast channel to SocketChannel: null
2023-05-08 22:08:54,761 WARN m.ServerConnection [pool-2-thread-2] java.nio.channels.ClosedChannelException
2023-05-08 22:08:54,761 WARN r.HandleClientInput [pool-2-thread-3] Client channel is closed
2023-05-08 22:09:46,611 WARN m.ServerConnection [pool-2-thread-2] java.nio.channels.ClosedChannelException
2023-05-08 22:09:46,611 ERROR r.ReadFromClient [Thread-0] Error reading from client channel: null
2023-05-08 22:09:46,611 WARN r.HandleClientInput [pool-2-thread-2] Client channel is closed
2023-05-08 22:13:16,689 WARN m.ServerConnection [Thread-2] Failed to cast channel to SocketChannel: null
2023-05-08 22:48:31,930 WARN m.ServerConnection [Thread-2] Failed to cast channel to SocketChannel: null
2023-05-08 23:53:52,723 WARN m.ServerConnection [pool-2-thread-9] java.nio.channels.ClosedChannelException
2023-05-08 23:53:52,724 ERROR r.ReadFromClient [Thread-0] Error reading from client channel: null
2023-05-08 23:53:52,724 WARN r.HandleClientInput [pool-2-thread-9] Client channel is closed
2023-05-08 23:54:05,700 WARN m.ServerConnection [Thread-3] Failed to cast channel to SocketChannel: null
2023-05-09 00:00:08,221 WARN m.ServerConnection [Thread-2] Failed to cast channel to SocketChannel: null
2023-05-09 00:17:06,809 WARN m.ServerConnection [pool-2-thread-2] java.nio.channels.ClosedChannelException
2023-05-09 00:17:06,809 WARN r.HandleClientInput [pool-2-thread-3] Client channel is closed
2023-05-09 00:17:12,145 WARN d.DatabaseManager [Thread-3] non-correct pass
2023-05-09 00:17:12,166 WARN m.ServerConnection [Thread-3] Failed to cast channel to SocketChannel: null
2023-05-09 00:17:30,979 WARN d.DatabaseManager [Thread-4] non-correct pass
2023-05-09 00:17:30,995 WARN m.ServerConnection [Thread-4] Failed to cast channel to SocketChannel: null
2023-05-09 00:20:34,366 ERROR r.ReadFromClient [Thread-0] Error reading from client channel: null
2023-05-09 00:20:34,366 WARN r.HandleClientInput [pool-2-thread-5] Client channel is closed
2023-05-09 00:20:34,367 WARN r.HandleClientInput [pool-2-thread-2] Client channel is closed
2023-05-09 00:20:42,197 WARN d.DatabaseManager [Thread-3] non-correct pass
2023-05-09 00:20:42,215 WARN m.ServerConnection [Thread-3] Failed to cast channel to SocketChannel: null
2023-05-09 00:21:23,786 WARN d.DatabaseManager [Thread-4] non-correct pass
2023-05-09 00:21:23,806 WARN m.ServerConnection [Thread-4] Failed to cast channel to SocketChannel: null
2023-05-09 00:26:30,216 WARN d.DatabaseManager [Thread-2] non-correct log
2023-05-09 00:26:30,250 WARN m.ServerConnection [Thread-2] Failed to cast channel to SocketChannel: null
2023-05-09 00:27:08,185 WARN d.DatabaseManager [Thread-3] non-correct log
2023-05-09 00:27:08,206 WARN m.ServerConnection [Thread-3] Failed to cast channel to SocketChannel: null
2023-05-09 00:32:03,572 WARN m.ServerConnection [pool-2-thread-2] java.nio.channels.ClosedChannelException
2023-05-09 00:32:03,572 WARN r.HandleClientInput [pool-2-thread-3] Client channel is closed
2023-05-09 00:32:07,049 WARN d.DatabaseManager [Thread-5] non-correct pass
2023-05-09 00:32:07,063 WARN m.ServerConnection [Thread-5] Failed to cast channel to SocketChannel: null
2023-05-09 00:33:39,467 WARN d.DatabaseManager [Thread-2] non-correct pass
2023-05-09 00:33:39,489 WARN m.ServerConnection [Thread-2] Failed to cast channel to SocketChannel: null
2023-05-09 00:36:03,014 WARN m.ServerConnection [pool-2-thread-4] java.nio.channels.ClosedChannelException
2023-05-09 00:36:03,014 ERROR r.ReadFromClient [Thread-0] Error reading from client channel: null
2023-05-09 00:36:03,015 WARN r.HandleClientInput [pool-2-thread-3] Client channel is closed
2023-05-09 00:36:07,299 WARN d.DatabaseManager [Thread-3] non-correct pass
2023-05-09 00:36:07,317 WARN m.ServerConnection [Thread-3] Failed to cast channel to SocketChannel: null
2023-05-09 00:36:37,051 ERROR r.ReadFromClient [Thread-0] Error reading object from input stream: invalid stream header: 00000000
2023-05-09 00:36:37,240 WARN d.DatabaseManager [Thread-4] non-correct pass
2023-05-09 00:36:37,258 WARN m.LoginHandler [Thread-4] java.nio.channels.ClosedChannelException
2023-05-09 00:38:32,882 WARN d.DatabaseManager [Thread-2] non-correct pass
2023-05-09 00:38:32,899 WARN m.ServerConnection [Thread-2] Failed to cast channel to SocketChannel: null
2023-05-09 00:39:00,924 WARN m.ServerConnection [pool-2-thread-2] java.nio.channels.ClosedChannelException
2023-05-09 00:39:00,924 WARN r.HandleClientInput [pool-2-thread-3] Client channel is closed
2023-05-09 00:39:05,965 WARN d.DatabaseManager [Thread-4] non-correct pass
2023-05-09 00:39:05,979 WARN m.ServerConnection [Thread-4] Failed to cast channel to SocketChannel: null
2023-05-09 00:39:19,318 WARN d.DatabaseManager [Thread-5] non-correct pass
2023-05-09 00:39:19,337 WARN m.ServerConnection [Thread-5] Failed to cast channel to SocketChannel: null
2023-05-09 00:39:44,922 WARN d.DatabaseManager [Thread-6] non-correct pass
2023-05-09 00:39:44,947 WARN m.ServerConnection [Thread-6] Failed to cast channel to SocketChannel: null
2023-05-09 00:39:52,455 WARN d.DatabaseManager [Thread-7] non-correct pass
2023-05-09 00:39:52,469 WARN m.ServerConnection [Thread-7] Failed to cast channel to SocketChannel: null
2023-05-09 00:41:11,056 WARN d.DatabaseManager [Thread-8] non-correct pass
2023-05-09 00:41:11,070 WARN m.ServerConnection [Thread-8] Failed to cast channel to SocketChannel: null
2023-05-09 00:43:12,837 WARN r.HandleClientInput [pool-2-thread-5] Client channel is closed
2023-05-09 00:47:25,404 WARN m.ServerConnection [pool-2-thread-2] java.nio.channels.ClosedChannelException
2023-05-09 00:47:25,404 ERROR r.ReadFromClient [Thread-0] Error reading from client channel: null
2023-05-09 00:47:25,403 WARN r.HandleClientInput [pool-2-thread-3] Client channel is closed
2023-05-09 00:47:25,404 WARN r.HandleClientInput [pool-2-thread-2] Client channel is closed
2023-05-09 00:47:38,754 ERROR r.ReadFromClient [Thread-0] Error reading from client channel: null
2023-05-09 00:47:38,754 WARN m.ServerConnection [pool-2-thread-3] java.nio.channels.ClosedChannelException
2023-05-09 00:47:38,755 WARN r.HandleClientInput [pool-2-thread-2] Client channel is closed
2023-05-09 00:49:32,257 WARN m.ServerConnection [pool-2-thread-2] java.nio.channels.ClosedChannelException
2023-05-09 00:49:32,256 WARN r.HandleClientInput [pool-2-thread-3] Client channel is closed
2023-05-09 00:49:45,046 WARN r.HandleClientInput [pool-2-thread-1] Client channel is closed
2023-05-09 00:50:00,184 WARN r.HandleClientInput [pool-2-thread-3] Client channel is closed
2023-05-09 00:52:15,530 WARN m.ServerConnection [pool-2-thread-2] java.nio.channels.ClosedChannelException
2023-05-09 00:52:15,530 WARN r.HandleClientInput [pool-2-thread-3] Client channel is closed
2023-05-09 01:14:08,736 WARN m.ServerConnection [pool-2-thread-2] java.nio.channels.ClosedChannelException
2023-05-09 01:14:08,736 WARN r.HandleClientInput [pool-2-thread-3] Client channel is closed
2023-05-09 01:18:57,019 WARN m.ServerConnection [Thread-0] Client channel is closed
2023-05-09 01:18:57,019 WARN m.ServerConnection [pool-2-thread-2] java.nio.channels.ClosedChannelException
2023-05-09 01:18:57,019 WARN r.HandleClientInput [pool-2-thread-3] Client channel is closed
2023-05-09 01:19:28,558 WARN m.ServerConnection [pool-2-thread-2] java.nio.channels.ClosedChannelException
2023-05-09 01:19:28,559 WARN r.HandleClientInput [pool-2-thread-1] Client channel is closed
2023-05-09 01:35:30,253 WARN m.ServerConnection [Thread-0] Client channel is closed
2023-05-09 01:35:30,253 WARN r.HandleClientInput [pool-2-thread-5] Client channel is closed
2023-05-09 01:35:30,254 WARN m.ServerConnection [pool-2-thread-4] java.nio.channels.ClosedChannelException
2023-05-09 01:35:33,647 WARN d.DatabaseManager [Thread-3] non-correct log
2023-05-09 01:38:04,207 WARN d.DatabaseManager [Thread-2] non-correct log
2023-05-09 01:42:51,494 WARN d.DatabaseManager [Thread-2] non-correct log
2023-05-09 01:44:12,133 WARN d.DatabaseManager [Thread-2] non-correct log
2023-05-09 13:16:11,603 WARN d.DatabaseConnection [main] Unable to connect to database: The connection attempt failed.
2023-05-09 13:19:28,698 WARN d.DatabaseConnection [main] Unable to connect to database: Connection to localhost:5439 refused. Check that the hostname and port are correct and that the postmaster is accepting TCP/IP connections.
2023-05-09 13:41:39,839 WARN d.DatabaseManager [Thread-2] non-correct pass
2023-05-09 13:42:01,417 WARN m.ServerConnection [pool-7-thread-1] java.nio.channels.ClosedChannelException
2023-05-09 13:42:01,416 WARN r.HandleClientInput [pool-8-thread-1] Client channel is closed
2023-05-09 13:42:19,528 WARN m.ServerConnection [pool-12-thread-1] java.nio.channels.ClosedChannelException
2023-05-09 13:42:19,528 WARN r.HandleClientInput [pool-13-thread-1] Client channel is closed
2023-05-09 13:42:24,882 WARN d.DatabaseManager [Thread-5] non-correct log
2023-05-09 13:49:12,904 WARN d.DatabaseManager [Thread-2] non-correct log
2023-05-09 13:51:04,748 WARN d.DatabaseManager [Thread-2] non-correct log
2023-05-09 13:52:23,617 WARN d.DatabaseManager [Thread-2] non-correct log
2023-05-09 14:00:04,347 WARN d.DatabaseManager [Thread-2] non-correct log
2023-05-09 14:03:30,541 WARN d.DatabaseManager [Thread-2] non-correct log
2023-05-09 14:04:45,382 WARN d.DatabaseManager [Thread-2] non-correct log
2023-05-09 14:17:04,745 WARN m.ServerConnection [pool-2-thread-2] java.nio.channels.ClosedChannelException
2023-05-09 14:17:04,745 WARN r.HandleClientInput [pool-2-thread-3] Client channel is closed
2023-05-09 14:17:14,057 WARN r.HandleClientInput [pool-2-thread-1] Client channel is closed
2023-05-09 14:17:24,628 WARN d.DatabaseManager [Thread-4] non-correct log
2023-05-09 14:17:36,383 WARN r.HandleClientInput [pool-2-thread-3] Client channel is closed
2023-05-09 14:17:41,451 WARN d.DatabaseManager [Thread-5] non-correct log
2023-05-09 14:29:58,791 WARN r.HandleClientInput [pool-2-thread-3] Client channel is closed
2023-05-09 14:29:58,791 WARN m.ServerConnection [pool-2-thread-2] java.nio.channels.ClosedChannelException
2023-05-09 14:30:07,125 WARN r.HandleClientInput [pool-2-thread-1] Client channel is closed
2023-05-09 14:32:23,040 ERROR r.ReadFromClient [Thread-0] Error reading from client channel: null
2023-05-09 14:32:23,040 WARN r.HandleClientInput [pool-2-thread-5] Client channel is closed
2023-05-09 14:32:23,040 WARN r.HandleClientInput [pool-2-thread-4] Client channel is closed
2023-05-09 14:32:30,441 WARN d.DatabaseManager [Thread-5] non-correct log
2023-05-09 14:34:01,938 WARN m.ServerConnection [pool-2-thread-8] java.nio.channels.ClosedChannelException
2023-05-09 14:34:01,938 WARN r.HandleClientInput [pool-2-thread-9] Client channel is closed
2023-05-09 14:34:13,998 ERROR r.ReadFromClient [Thread-0] Error reading from client channel: null
2023-05-09 14:34:13,998 WARN r.HandleClientInput [pool-2-thread-9] Client channel is closed
2023-05-09 14:34:13,998 WARN m.ServerConnection [pool-2-thread-7] java.nio.channels.ClosedChannelException
2023-05-09 14:47:08,828 WARN d.DatabaseManager [Thread-2] non-correct log
2023-05-09 14:50:37,742 WARN d.DatabaseManager [Thread-2] non-correct log
2023-05-09 14:52:55,423 WARN d.DatabaseManager [Thread-2] non-correct log
2023-05-09 14:55:50,977 WARN d.DatabaseManager [Thread-2] non-correct log
2023-05-09 14:57:53,829 WARN d.DatabaseManager [Thread-2] non-correct log
2023-05-09 15:01:46,437 WARN d.DatabaseManager [Thread-2] non-correct pass
2023-05-09 15:09:05,297 WARN m.ServerConnection [pool-2-thread-5] java.nio.channels.ClosedChannelException
2023-05-09 15:09:05,297 WARN r.HandleClientInput [pool-2-thread-6] Client channel is closed
2023-05-09 15:13:37,652 WARN r.HandleClientInput [pool-2-thread-3] Client channel is closed
2023-05-09 15:13:37,652 WARN m.ServerConnection [pool-2-thread-2] java.nio.channels.ClosedChannelException
2023-05-09 15:13:50,731 WARN r.HandleClientInput [pool-2-thread-1] Client channel is closed
2023-05-10 10:41:09,689 WARN d.DatabaseConnection [main] Unable to connect to database: The authentication type 10 is not supported. Check that you have configured the pg_hba.conf file to include the client's IP address or subnet, and that it is using an authentication scheme supported by the driver.
2023-05-10 10:44:19,256 WARN d.DatabaseConnection [main] Unable to load database driver: org.postgresql.Driver
2023-05-10 10:44:19,259 WARN d.DatabaseConnection [main] Unable to connect to database: No suitable driver found for jdbc:postgresql://localhost:5439/studs
